Arguments: 
  C:\Program Files\nodejs\node.exe C:\Users\RKAni\AppData\Roaming\npm\node_modules\yarn\bin\yarn.js install

PATH: 
  C:\Program Files\Git\mingw64\bin;C:\Program Files\Git\usr\bin;C:\Users\RKAni\bin;C:\Program Files\Common Files\Oracle\Java\javapath;C:\Python27;C:\Python27\Scripts;C:\Windows\system32;C:\Windows;C:\Windows\System32\Wbem;C:\Windows\System32\WindowsPowerShell\v1.0;C:\Windows\System32\OpenSSH;C:\ProgramData\chocolatey\bin;C:\Program Files\Git\cmd;C:\Program Files\nodejs;C:\Program Files\Docker\Docker\resources\bin;C:\ProgramData\DockerDesktop\version-bin;C:\Program Files\Go\bin;C:\Users\RKAni\AppData\Local\Microsoft\WindowsApps;C:\Users\RKAni\AppData\Local\Programs\Microsoft VS Code\bin;C:\Users\RKAni\AppData\Local\GitHubDesktop\bin;C:\Users\RKAni\AppData\Roaming\npm;C:\Users\RKAni\.deno\bin;C:\Program Files\heroku\bin;C:\_xampp\php;C:\_adb;C:\Users\RKAni\AppData\Local\Microsoft\WindowsApps;C:\_wamp64\bin\php\php7.4.9;C:\Users\RKAni\AppData\Local\ComposerSetup\bin;C:\Users\RKAni\AppData\Roaming\Composer\vendor\bin;C:\Users\RKAni\go\bin

Yarn version: 
  1.22.10

Node version: 
  12.18.2

Platform: 
  win32 x64

Trace: 
  Error: EPERM: operation not permitted, unlink 'W:\__VueJS\vue-contacts\node_modules\esbuild\esbuild.exe'

npm manifest: 
  {
    "name": "contacts",
    "version": "0.0.0",
    "scripts": {
      "serve": "vite preview",
      "build": "vite build",
      "dev": "vite"
    },
    "dependencies": {
      "axios": "^0.21.1",
      "js-cookie": "^2.2.1",
      "moment": "^2.29.1",
      "vue": "^3.0.5",
      "vue-router": "4",
      "vuex": "^4.0.0"
    },
    "devDependencies": {
      "@vitejs/plugin-vue": "^1.2.2",
      "@vue/compiler-sfc": "^3.0.5",
      "autoprefixer": "^10.2.5",
      "postcss": "^8.2.14",
      "sass": "^1.32.0",
      "sass-loader": "^10.0.0",
      "tailwindcss": "^2.1.2",
      "vite": "^2.2.3"
    }
  }

yarn manifest: 
  No manifest

Lockfile: 
  No lockfile
